<?xml version="1.0" encoding="UTF-8"?>
<!-- Generated by org.testng.reporters.JUnitReportReporter -->
<testsuite hostname="GauravPC" failures="0" tests="1" name="test.AddContactTest" time="39.548" errors="0" timestamp="20 Jul 2019 17:36:54 GMT" skipped="0">
  <testcase classname="test.AddContactTest" name="Addcontact" time="39.548"/>
</testsuite> <!-- test.AddContactTest -->
